<?xml version="1.0" encoding="UTF-8"?>
<!-- Generated by org.testng.reporters.JUnitXMLReporter -->
<testsuite hostname="sindhujas-MacBook-Pro.local" name="Default test" tests="2" failures="0" timestamp="13 Apr 2018 07:06:52 GMT" time="15.564" errors="0">
  <testcase name="Login_ErrorMessageWithoutPassword_01" time="2.847" classname="com.testing.MavenGitMac2.TestScripts"/>
  <testcase name="Login_SFDC_02" time="7.944" classname="com.testing.MavenGitMac2.TestScripts"/>
</testsuite> <!-- Default test -->
