<?xml version="1.0" encoding="UTF-8"?>
<!-- Generated by org.testng.reporters.JUnitXMLReporter -->
<testsuite hostname="sindhujas-MacBook-Pro.local" name="Default test" tests="2" failures="0" timestamp="13 Apr 2018 06:38:26 GMT" time="22.874" errors="0">
  <testcase name="Login_ErrorMessageWithoutPassword_01" time="10.256" classname="com.testing.MavenGitMac2.TestScripts"/>
  <testcase name="Login_SFDC_02" time="9.026" classname="com.testing.MavenGitMac2.TestScripts"/>
</testsuite> <!-- Default test -->
