<?xml version="1.0" encoding="UTF-8"?>
<testng-results skipped="0" failed="0" total="2" passed="2">
  <reporter-output>
  </reporter-output>
  <suite name="Default suite" duration-ms="22874" started-at="2018-04-13T06:38:03Z" finished-at="2018-04-13T06:38:26Z">
    <groups>
    </groups>
    <test name="Default test" duration-ms="22874" started-at="2018-04-13T06:38:03Z" finished-at="2018-04-13T06:38:26Z">
      <class name="com.testing.MavenGitMac2.TestScripts">
        <test-method status="PASS" signature="beforeMethod()[pri:0, instance:com.testing.MavenGitMac2.TestScripts@28d25987]" name="beforeMethod" is-config="true" duration-ms="2114" started-at="2018-04-12T23:38:03Z" finished-at="2018-04-12T23:38:05Z">
          <reporter-output>
          </reporter-output>
        </test-method> <!-- beforeMethod -->
        <test-method status="PASS" signature="Login_ErrorMessageWithoutPassword_01()[pri:0, instance:com.testing.MavenGitMac2.TestScripts@28d25987]" name="Login_ErrorMessageWithoutPassword_01" duration-ms="10256" started-at="2018-04-12T23:38:05Z" finished-at="2018-04-12T23:38:15Z">
          <reporter-output>
          </reporter-output>
        </test-method> <!-- Login_ErrorMessageWithoutPassword_01 -->
        <test-method status="PASS" signature="afterMethod()[pri:0, instance:com.testing.MavenGitMac2.TestScripts@28d25987]" name="afterMethod" is-config="true" duration-ms="250" started-at="2018-04-12T23:38:15Z" finished-at="2018-04-12T23:38:15Z">
          <reporter-output>
          </reporter-output>
        </test-method> <!-- afterMethod -->
        <test-method status="PASS" signature="beforeMethod()[pri:0, instance:com.testing.MavenGitMac2.TestScripts@28d25987]" name="beforeMethod" is-config="true" duration-ms="981" started-at="2018-04-12T23:38:15Z" finished-at="2018-04-12T23:38:16Z">
          <reporter-output>
          </reporter-output>
        </test-method> <!-- beforeMethod -->
        <test-method status="PASS" signature="Login_SFDC_02()[pri:0, instance:com.testing.MavenGitMac2.TestScripts@28d25987]" name="Login_SFDC_02" duration-ms="9026" started-at="2018-04-12T23:38:16Z" finished-at="2018-04-12T23:38:25Z">
          <reporter-output>
          </reporter-output>
        </test-method> <!-- Login_SFDC_02 -->
        <test-method status="PASS" signature="afterMethod()[pri:0, instance:com.testing.MavenGitMac2.TestScripts@28d25987]" name="afterMethod" is-config="true" duration-ms="209" started-at="2018-04-12T23:38:25Z" finished-at="2018-04-12T23:38:26Z">
          <reporter-output>
          </reporter-output>
        </test-method> <!-- afterMethod -->
      </class> <!-- com.testing.MavenGitMac2.TestScripts -->
    </test> <!-- Default test -->
  </suite> <!-- Default suite -->
</testng-results>
