<?xml version="1.0" encoding="UTF-8"?>
<testng-results skipped="0" failed="0" total="2" passed="2">
  <reporter-output>
  </reporter-output>
  <suite name="Default suite" duration-ms="15564" started-at="2018-04-13T07:06:37Z" finished-at="2018-04-13T07:06:52Z">
    <groups>
    </groups>
    <test name="Default test" duration-ms="15564" started-at="2018-04-13T07:06:37Z" finished-at="2018-04-13T07:06:52Z">
      <class name="com.testing.MavenGitMac2.TestScripts">
        <test-method status="PASS" signature="beforeMethod()[pri:0, instance:com.testing.MavenGitMac2.TestScripts@29774679]" name="beforeMethod" is-config="true" duration-ms="2760" started-at="2018-04-13T00:06:37Z" finished-at="2018-04-13T00:06:40Z">
          <reporter-output>
          </reporter-output>
        </test-method> <!-- beforeMethod -->
        <test-method status="PASS" signature="Login_ErrorMessageWithoutPassword_01()[pri:0, instance:com.testing.MavenGitMac2.TestScripts@29774679]" name="Login_ErrorMessageWithoutPassword_01" duration-ms="2847" started-at="2018-04-13T00:06:40Z" finished-at="2018-04-13T00:06:42Z">
          <reporter-output>
          </reporter-output>
        </test-method> <!-- Login_ErrorMessageWithoutPassword_01 -->
        <test-method status="PASS" signature="afterMethod()[pri:0, instance:com.testing.MavenGitMac2.TestScripts@29774679]" name="afterMethod" is-config="true" duration-ms="181" started-at="2018-04-13T00:06:42Z" finished-at="2018-04-13T00:06:43Z">
          <reporter-output>
          </reporter-output>
        </test-method> <!-- afterMethod -->
        <test-method status="PASS" signature="beforeMethod()[pri:0, instance:com.testing.MavenGitMac2.TestScripts@29774679]" name="beforeMethod" is-config="true" duration-ms="1632" started-at="2018-04-13T00:06:43Z" finished-at="2018-04-13T00:06:44Z">
          <reporter-output>
          </reporter-output>
        </test-method> <!-- beforeMethod -->
        <test-method status="PASS" signature="Login_SFDC_02()[pri:0, instance:com.testing.MavenGitMac2.TestScripts@29774679]" name="Login_SFDC_02" duration-ms="7944" started-at="2018-04-13T00:06:44Z" finished-at="2018-04-13T00:06:52Z">
          <reporter-output>
          </reporter-output>
        </test-method> <!-- Login_SFDC_02 -->
        <test-method status="PASS" signature="afterMethod()[pri:0, instance:com.testing.MavenGitMac2.TestScripts@29774679]" name="afterMethod" is-config="true" duration-ms="166" started-at="2018-04-13T00:06:52Z" finished-at="2018-04-13T00:06:52Z">
          <reporter-output>
          </reporter-output>
        </test-method> <!-- afterMethod -->
      </class> <!-- com.testing.MavenGitMac2.TestScripts -->
    </test> <!-- Default test -->
  </suite> <!-- Default suite -->
</testng-results>
